Train: [0/13865/32]	epoch: 0	iter: 0	Time: 12.161 (12.161)	Data: 1.742 (1.742)	Loss: 0.679108738899231 (0.679108738899231)	Prec@1: tensor([62.5000]) (tensor([62.5000]))	
Train: [1/13865/64]	epoch: 0	iter: 1	Time: 12.276 (12.218)	Data: 1.820 (1.781)	Loss: 0.6837108135223389 (0.6814097762107849)	Prec@1: tensor([56.2500]) (tensor([59.3750]))	
Train: [2/13865/96]	epoch: 0	iter: 2	Time: 11.991 (12.143)	Data: 1.504 (1.689)	Loss: 0.6851025819778442 (0.6826407313346863)	Prec@1: tensor([56.2500]) (tensor([58.3333]))	
Train: [3/13865/128]	epoch: 0	iter: 3	Time: 11.935 (12.091)	Data: 1.492 (1.639)	Loss: 0.6885660886764526 (0.6841220855712891)	Prec@1: tensor([53.1250]) (tensor([57.0312]))	
Train: [4/13865/160]	epoch: 0	iter: 4	Time: 11.960 (12.065)	Data: 1.377 (1.587)	Loss: 0.6842883229255676 (0.6841553449630737)	Prec@1: tensor([50.]) (tensor([55.6250]))	
Train: [0/13865/32]
epoch: 0	iter: 0	Time: 11.710 (11.710)	Data: 1.227 (1.227)	Loss: 0.6913045048713684 (0.6913045048713684)	Prec@1: tensor([50.]) (tensor([50.]))	
Train: [1/13865/64]
epoch: 0	iter: 1	Time: 12.041 (11.876)	Data: 1.589 (1.408)	Loss: 0.706552267074585 (0.6989283561706543)	Prec@1: tensor([50.]) (tensor([50.]))	
Train: [0/13865/32]
epoch: 0	iter: 0	Time: 12.013 (12.013)	Data: 1.472 (1.472)	Loss: 0.6902003288269043 (0.6902003288269043)	Prec@1: tensor([50.]) (tensor([50.]))	
Train: [1/13865/64]
epoch: 0	iter: 1	Time: 11.670 (11.841)	Data: 1.248 (1.360)	Loss: 0.6842138171195984 (0.6872071027755737)	Prec@1: tensor([65.6250]) (tensor([57.8125]))	
Train: [2/13865/96]
epoch: 0	iter: 2	Time: 11.615 (11.766)	Data: 1.053 (1.258)	Loss: 0.6955891847610474 (0.6900011897087097)	Prec@1: tensor([46.8750]) (tensor([54.1667]))	
Train: [3/13865/128]
epoch: 0	iter: 3	Time: 12.042 (11.835)	Data: 1.524 (1.324)	Loss: 0.6952250599861145 (0.6913071274757385)	Prec@1: tensor([50.]) (tensor([53.1250]))	
Train: [4/13865/160]
epoch: 0	iter: 4	Time: 11.948 (11.858)	Data: 1.412 (1.342)	Loss: 0.7152572870254517 (0.696097195148468)	Prec@1: tensor([31.2500]) (tensor([48.7500]))	
Train: [5/13865/192]
epoch: 0	iter: 5	Time: 11.880 (11.861)	Data: 1.346 (1.343)	Loss: 0.7110764980316162 (0.69859379529953)	Prec@1: tensor([34.3750]) (tensor([46.3542]))	
Train: [6/13865/224]
epoch: 0	iter: 6	Time: 11.874 (11.863)	Data: 1.336 (1.342)	Loss: 0.698173463344574 (0.6985337138175964)	Prec@1: tensor([50.]) (tensor([46.8750]))	
Train: [0/13865/32]
epoch: 0	iter: 0	Time: 12.004 (12.004)	Data: 1.412 (1.412)	Loss: 0.7043948769569397 (0.7043948769569397)	Prec@1: tensor([43.7500]) (tensor([43.7500]))	
Train: [0/13865/32]
epoch: 0	iter: 0	Time: 18.973 (18.973)	Data: 2.379 (2.379)	Loss: 0.6954512596130371 (0.6954512596130371)	Prec@1: tensor([53.1250]) (tensor([53.1250]))	
Train: [1/13865/64]
epoch: 0	iter: 1	Time: 12.058 (15.516)	Data: 1.237 (1.808)	Loss: 0.6867651343345642 (0.691108226776123)	Prec@1: tensor([62.5000]) (tensor([57.8125]))	
Train: [2/13865/96]
epoch: 0	iter: 2	Time: 11.710 (14.247)	Data: 1.123 (1.580)	Loss: 0.6992167830467224 (0.6938111186027527)	Prec@1: tensor([50.]) (tensor([55.2083]))	
Train: [0/13865/32]
epoch: 0	iter: 0	Time: 10.981 (10.981)	Data: 1.349 (1.349)	Loss: 0.6893284320831299 (0.6893284320831299)	Prec@1: tensor([50.]) (tensor([50.]))	
Train: [0/13865/32]
epoch: 0	iter: 0	Time: 11.301 (11.301)	Data: 1.119 (1.119)	Loss: 0.6977179050445557 (0.6977179050445557)	Prec@1: tensor([40.6250]) (tensor([40.6250]))	
Train: [1/13865/64]
epoch: 0	iter: 1	Time: 11.848 (11.575)	Data: 1.635 (1.377)	Loss: 0.6909526586532593 (0.6943352818489075)	Prec@1: tensor([59.3750]) (tensor([50.]))	
Train: [2/13865/96]
epoch: 0	iter: 2	Time: 11.641 (11.597)	Data: 1.362 (1.372)	Loss: 0.7000020742416382 (0.6962242126464844)	Prec@1: tensor([28.1250]) (tensor([42.7083]))	
Train: [0/13865/32]
epoch: 0	iter: 0	Time: 13.151 (13.151)	Data: 1.570 (1.570)	Loss: 0.6760347485542297 (0.6760347485542297)	Prec@1: tensor([62.5000]) (tensor([62.5000]))	
Train: [1/13865/64]
epoch: 0	iter: 1	Time: 15.291 (14.221)	Data: 1.402 (1.486)	Loss: 0.6713384389877319 (0.6736866235733032)	Prec@1: tensor([68.7500]) (tensor([65.6250]))	
Train: [0/13865/32]
epoch: 0	iter: 0	Time: 84.257 (84.257)	Data: 1.534 (1.534)	Loss: 0.6865807771682739 (0.6865807771682739)	Prec@1: tensor([78.1250]) (tensor([78.1250]))	
Train: [0/13865/32]
epoch: 0	iter: 0	Time: 23.180 (23.180)	Data: 1.863 (1.863)	Loss: 0.7021062970161438 (0.7021062970161438)	Prec@1: tensor([40.6250]) (tensor([40.6250]))	
Train: [1/13865/64]
epoch: 0	iter: 1	Time: 218.080 (120.630)	Data: 197.253 (99.558)	Loss: 0.6986914277076721 (0.700398862361908)	Prec@1: tensor([37.5000]) (tensor([39.0625]))	
Train: [0/13865/32]
epoch: 0	iter: 0	Time: 29.571 (29.571)	Data: 1.977 (1.977)	Loss: 0.7042327523231506 (0.7042327523231506)	Prec@1: tensor([43.7500]) (tensor([43.7500]))	
Train: [1/13865/64]
epoch: 0	iter: 1	Time: 185.682 (107.626)	Data: 14.475 (8.226)	Loss: 0.7133506536483765 (0.7087917327880859)	Prec@1: tensor([37.5000]) (tensor([40.6250]))	
Train: [0/13865/32]
epoch: 0	iter: 0	Time: 17.717 (17.717)	Data: 2.077 (2.077)	Loss: 0.6916917562484741 (0.6916917562484741)	Prec@1: tensor([56.2500]) (tensor([56.2500]))	
Train: [1/13865/64]
epoch: 0	iter: 1	Time: 17.547 (17.632)	Data: 1.892 (1.984)	Loss: 0.7018633484840393 (0.6967775821685791)	Prec@1: tensor([40.6250]) (tensor([48.4375]))	
